C:\Users\PC\Downloads\Machly\Machly.Api\Repositories\UserRepository.cs(23,91): error CS1061: "User" no contiene una definici├│n para "Role" ni un m├®todo de extensi├│n accesible "Role" que acepte un primer argumento del tipo "User" (┬┐falta alguna directiva using o una referencia de ensamblado?) [C:\Users\PC\Downloads\Machly\Machly.Api\Machly.Api.csproj]
C:\Users\PC\Downloads\Machly\Machly.Api\Seed\SeedData.cs(27,17): error CS0117: 'User' no contiene una definici├│n para 'Role' [C:\Users\PC\Downloads\Machly\Machly.Api\Machly.Api.csproj]
C:\Users\PC\Downloads\Machly\Machly.Api\Seed\SeedData.cs(36,17): error CS0117: 'User' no contiene una definici├│n para 'Role' [C:\Users\PC\Downloads\Machly\Machly.Api\Machly.Api.csproj]
C:\Users\PC\Downloads\Machly\Machly.Api\Seed\SeedData.cs(46,17): error CS0117: 'User' no contiene una definici├│n para 'Role' [C:\Users\PC\Downloads\Machly\Machly.Api\Machly.Api.csproj]
C:\Users\PC\Downloads\Machly\Machly.Api\Seed\SeedData.cs(56,17): error CS0117: 'User' no contiene una definici├│n para 'Role' [C:\Users\PC\Downloads\Machly\Machly.Api\Machly.Api.csproj]
C:\Users\PC\Downloads\Machly\Machly.Api\Seed\SeedData.cs(65,17): error CS0117: 'User' no contiene una definici├│n para 'Role' [C:\Users\PC\Downloads\Machly\Machly.Api\Machly.Api.csproj]
C:\Users\PC\Downloads\Machly\Machly.Api\Repositories\UserRepository.cs(53,38): error CS1061: "User" no contiene una definici├│n para "Role" ni un m├®todo de extensi├│n accesible "Role" que acepte un primer argumento del tipo "User" (┬┐falta alguna directiva using o una referencia de ensamblado?) [C:\Users\PC\Downloads\Machly\Machly.Api\Machly.Api.csproj]
C:\Users\PC\Downloads\Machly\Machly.Api\Controllers\AdminController.cs(61,22): error CS1061: "User" no contiene una definici├│n para "Role" ni un m├®todo de extensi├│n accesible "Role" que acepte un primer argumento del tipo "User" (┬┐falta alguna directiva using o una referencia de ensamblado?) [C:\Users\PC\Downloads\Machly\Machly.Api\Machly.Api.csproj]
C:\Users\PC\Downloads\Machly\Machly.Api\Controllers\AdminController.cs(82,22): error CS1061: "User" no contiene una definici├│n para "Role" ni un m├®todo de extensi├│n accesible "Role" que acepte un primer argumento del tipo "User" (┬┐falta alguna directiva using o una referencia de ensamblado?) [C:\Users\PC\Downloads\Machly\Machly.Api\Machly.Api.csproj]
C:\Users\PC\Downloads\Machly\Machly.Api\Services\AuthService.cs(30,17): error CS0117: 'User' no contiene una definici├│n para 'Role' [C:\Users\PC\Downloads\Machly\Machly.Api\Machly.Api.csproj]
C:\Users\PC\Downloads\Machly\Machly.Api\GraphQL\Queries\Query.cs(140,26): error CS1061: "User" no contiene una definici├│n para "Role" ni un m├®todo de extensi├│n accesible "Role" que acepte un primer argumento del tipo "User" (┬┐falta alguna directiva using o una referencia de ensamblado?) [C:\Users\PC\Downloads\Machly\Machly.Api\Machly.Api.csproj]
C:\Users\PC\Downloads\Machly\Machly.Api\Utils\JwtHelper.cs(27,49): error CS1061: "User" no contiene una definici├│n para "Role" ni un m├®todo de extensi├│n accesible "Role" que acepte un primer argumento del tipo "User" (┬┐falta alguna directiva using o una referencia de ensamblado?) [C:\Users\PC\Downloads\Machly\Machly.Api\Machly.Api.csproj]
C:\Users\PC\Downloads\Machly\Machly.Api\Utils\JwtHelper.cs(27,27): error CS1503: Argumento 1: no se puede convertir de 'string' a 'System.IO.BinaryReader' [C:\Users\PC\Downloads\Machly\Machly.Api\Machly.Api.csproj]
C:\Users\PC\Downloads\Machly\Machly.Api\Controllers\AdminController.cs(249,22): error CS1061: "User" no contiene una definici├│n para "Role" ni un m├®todo de extensi├│n accesible "Role" que acepte un primer argumento del tipo "User" (┬┐falta alguna directiva using o una referencia de ensamblado?) [C:\Users\PC\Downloads\Machly\Machly.Api\Machly.Api.csproj]
C:\Users\PC\Downloads\Machly\Machly.Api\Controllers\AdminController.cs(272,53): error CS1061: "User" no contiene una definici├│n para "Role" ni un m├®todo de extensi├│n accesible "Role" que acepte un primer argumento del tipo "User" (┬┐falta alguna directiva using o una referencia de ensamblado?) [C:\Users\PC\Downloads\Machly\Machly.Api\Machly.Api.csproj]
C:\Users\PC\Downloads\Machly\Machly.Api\Controllers\AdminController.cs(273,51): error CS1061: "User" no contiene una definici├│n para "Role" ni un m├®todo de extensi├│n accesible "Role" que acepte un primer argumento del tipo "User" (┬┐falta alguna directiva using o una referencia de ensamblado?) [C:\Users\PC\Downloads\Machly\Machly.Api\Machly.Api.csproj]
C:\Users\PC\Downloads\Machly\Machly.Api\Controllers\AdminController.cs(331,25): error CS1061: "User" no contiene una definici├│n para "Role" ni un m├®todo de extensi├│n accesible "Role" que acepte un primer argumento del tipo "User" (┬┐falta alguna directiva using o una referencia de ensamblado?) [C:\Users\PC\Downloads\Machly\Machly.Api\Machly.Api.csproj]
C:\Users\PC\Downloads\Machly\Machly.Api\Controllers\AdminController.cs(344,63): error CS1061: "User" no contiene una definici├│n para "Role" ni un m├®todo de extensi├│n accesible "Role" que acepte un primer argumento del tipo "User" (┬┐falta alguna directiva using o una referencia de ensamblado?) [C:\Users\PC\Downloads\Machly\Machly.Api\Machly.Api.csproj]

ERROR al compilar.
    29 Advertencia(s)
    18 Errores

Tiempo transcurrido 00:00:01.31

Hay actualizaciones de carga de trabajo disponibles. Ejecute "dotnet workload list" para obtener m├ís informaci├│n.
